[13/Jul/2013:16:09:41 +0800] access to /httpclient failed for 0:0:0:0:0:FFFF:7F00:1, reason: 
"httpd_file: Can't access ./httpclient: File not found"
[13/Jul/2013:16:12:00 +0800] access to /httpclient?fun=insert&key=Key&value=Value failed for 0:0:0:0:0:FFFF:7F00:1, reason: 
"httpd_file: Can't access ./httpclient: File not found"
[13/Jul/2013:16:12:01 +0800] access to /favicon.ico failed for 0:0:0:0:0:FFFF:7F00:1, reason: 
"httpd_file: Can't access ./favicon.ico: File not found"
[13/Jul/2013:16:12:01 +0800] access to /favicon.ico failed for 0:0:0:0:0:FFFF:7F00:1, reason: 
"httpd_file: Can't access ./favicon.ico: File not found"
[13/Jul/2013:16:13:24 +0800] access to /httpclient?fun=insert&key=Key&value=Value failed for 0:0:0:0:0:FFFF:7F00:1, reason: 
"httpd_file: Can't access ./httpclient: File not found"
[13/Jul/2013:16:27:17 +0800] access to /httpclient?fun=insert&key=Key&value=Value failed for 0:0:0:0:0:FFFF:7F00:1, reason: 
"httpd_file: Can't access ./httpclient: File not found"
[13/Jul/2013:16:28:10 +0800] access to /httpclient?fun=insert&key=Key&value=Value failed for 0:0:0:0:0:FFFF:7F00:1, reason: 
["httpclient?fun=insert&key=Key&value=Value"]
[13/Jul/2013:16:40:08 +0800] access to /httpclient?fun=insert&key=Key&value=Value failed for 0:0:0:0:0:FFFF:7F00:1, reason: 
["httpclient?fun=insert&key=Key&value=Value"]
[13/Jul/2013:16:40:08 +0800], traverse exit from apply: httpclient:do => 
{function_clause,
    [{httpd_util,convert_request_date,
         [{mod,
              {init_data,{44586,"0:0:0:0:0:FFFF:7F00:1"},"flybird"},
              [{status,
                   {400,none,["httpclient?fun=insert&key=Key&value=Value"]}},
               {real_name,{"./httpclient","?fun=insert&key=Key&value=Value"}}],
              ip_comm,#Port<0.2048>,httpd_conf_8080,"GET",
              "127.0.0.1:8080/httpclient?fun=insert&key=Key&value=Value",
              "/httpclient?fun=insert&key=Key&value=Value","HTTP/1.1",
              "GET /httpclient?fun=insert&key=Key&value=Value HTTP/1.1",
              [{"cache-control","max-age=0"},
               {"connection","keep-alive"},
               {"accept-encoding","gzip, deflate"},
               {"accept-language","en-US,en;q=0.5"},
               {"accept",
                "text/html,application/xhtml+xml,application/xml;q=0.9,*/*;q=0.8"},
               {"user-agent",
                "Mozilla/5.0 (X11; Ubuntu; Linux i686; rv:21.0) Gecko/20100101 Firefox/21.0"},
               {"host","127.0.0.1:8080"}],
              [],true}],
         [{file,"httpd_util.erl"},{line,257}]},
     {httpclient,do,1,[{file,"src/httpclient.erl"},{line,39}]},
     {httpd_response,traverse_modules,2,
         [{file,"httpd_response.erl"},{line,72}]},
     {httpd_response,generate_and_send_response,1,
         [{file,"httpd_response.erl"},{line,40}]},
     {httpd_request_handler,handle_response,1,
         [{file,"httpd_request_handler.erl"},{line,554}]},
     {gen_server,handle_msg,5,[{file,"gen_server.erl"},{line,607}]},
     {proc_lib,init_p_do_apply,3,[{file,"proc_lib.erl"},{line,227}]}]}
[13/Jul/2013:16:40:21 +0800] access to /httpclient?fun=insert&key=Key&value=Value failed for 0:0:0:0:0:FFFF:7F00:1, reason: 
["httpclient?fun=insert&key=Key&value=Value"]
[13/Jul/2013:16:40:21 +0800], traverse exit from apply: httpclient:do => 
{function_clause,
    [{httpd_util,convert_request_date,
         [{mod,
              {init_data,{44586,"0:0:0:0:0:FFFF:7F00:1"},"flybird"},
              [{status,
                   {400,none,["httpclient?fun=insert&key=Key&value=Value"]}},
               {real_name,{"./httpclient","?fun=insert&key=Key&value=Value"}}],
              ip_comm,#Port<0.2048>,httpd_conf_8080,"GET",
              "127.0.0.1:8080/httpclient?fun=insert&key=Key&value=Value",
              "/httpclient?fun=insert&key=Key&value=Value","HTTP/1.1",
              "GET /httpclient?fun=insert&key=Key&value=Value HTTP/1.1",
              [{"cache-control","max-age=0"},
               {"connection","keep-alive"},
               {"accept-encoding","gzip, deflate"},
               {"accept-language","en-US,en;q=0.5"},
               {"accept",
                "text/html,application/xhtml+xml,application/xml;q=0.9,*/*;q=0.8"},
               {"user-agent",
                "Mozilla/5.0 (X11; Ubuntu; Linux i686; rv:21.0) Gecko/20100101 Firefox/21.0"},
               {"host","127.0.0.1:8080"}],
              [],true}],
         [{file,"httpd_util.erl"},{line,257}]},
     {httpclient,do,1,[{file,"src/httpclient.erl"},{line,39}]},
     {httpd_response,traverse_modules,2,
         [{file,"httpd_response.erl"},{line,72}]},
     {httpd_response,generate_and_send_response,1,
         [{file,"httpd_response.erl"},{line,40}]},
     {httpd_request_handler,handle_response,1,
         [{file,"httpd_request_handler.erl"},{line,554}]},
     {gen_server,handle_msg,5,[{file,"gen_server.erl"},{line,607}]},
     {proc_lib,init_p_do_apply,3,[{file,"proc_lib.erl"},{line,227}]}]}
[13/Jul/2013:16:52:42 +0800] access to /httpclient?fun=insert&key=Key&value=Value failed for 0:0:0:0:0:FFFF:7F00:1, reason: 
["httpclient?fun=insert&key=Key&value=Value"]
[13/Jul/2013:16:54:05 +0800] access to /httpclient?fun=insert&key=Key&value=Value failed for 0:0:0:0:0:FFFF:7F00:1, reason: 
["httpclient?fun=insert&key=Key&value=Value"]
[13/Jul/2013:16:54:05 +0800], traverse exit from apply: httpclient:do => 
{undef,[{http_util,split_path,
                   ["/httpclient?fun=insert&key=Key&value=Value"],
                   []},
        {httpclient,do,1,[{file,"src/httpclient.erl"},{line,42}]},
        {httpd_response,traverse_modules,2,
                        [{file,"httpd_response.erl"},{line,72}]},
        {httpd_response,generate_and_send_response,1,
                        [{file,"httpd_response.erl"},{line,40}]},
        {httpd_request_handler,handle_response,1,
                               [{file,"httpd_request_handler.erl"},
                                {line,554}]},
        {gen_server,handle_msg,5,[{file,"gen_server.erl"},{line,607}]},
        {proc_lib,init_p_do_apply,3,[{file,"proc_lib.erl"},{line,227}]}]}
[13/Jul/2013:16:55:52 +0800] access to /httpclient?fun=insert&key=Key&value=Value failed for 0:0:0:0:0:FFFF:7F00:1, reason: 
["httpclient?fun=insert&key=Key&value=Value"]
[13/Jul/2013:16:55:52 +0800], traverse exit from apply: httpclient:do => 
{undef,[{http_util,split_script_path,
                   ["/httpclient?fun=insert&key=Key&value=Value"],
                   []},
        {httpclient,do,1,[{file,"src/httpclient.erl"},{line,42}]},
        {httpd_response,traverse_modules,2,
                        [{file,"httpd_response.erl"},{line,72}]},
        {httpd_response,generate_and_send_response,1,
                        [{file,"httpd_response.erl"},{line,40}]},
        {httpd_request_handler,handle_response,1,
                               [{file,"httpd_request_handler.erl"},
                                {line,554}]},
        {gen_server,handle_msg,5,[{file,"gen_server.erl"},{line,607}]},
        {proc_lib,init_p_do_apply,3,[{file,"proc_lib.erl"},{line,227}]}]}
[13/Jul/2013:16:56:15 +0800] access to /httpclient?fun=insert&key=Key&value=Value failed for 0:0:0:0:0:FFFF:7F00:1, reason: 
["httpclient?fun=insert&key=Key&value=Value"]
[13/Jul/2013:16:56:15 +0800], traverse exit from apply: httpclient:do => 
{undef,[{http_util,split_script_path,
                   ["/httpclient?fun=insert&key=Key&value=Value"],
                   []},
        {httpclient,do,1,[{file,"src/httpclient.erl"},{line,42}]},
        {httpd_response,traverse_modules,2,
                        [{file,"httpd_response.erl"},{line,72}]},
        {httpd_response,generate_and_send_response,1,
                        [{file,"httpd_response.erl"},{line,40}]},
        {httpd_request_handler,handle_response,1,
                               [{file,"httpd_request_handler.erl"},
                                {line,554}]},
        {gen_server,handle_msg,5,[{file,"gen_server.erl"},{line,607}]},
        {proc_lib,init_p_do_apply,3,[{file,"proc_lib.erl"},{line,227}]}]}
[13/Jul/2013:16:56:16 +0800] access to /httpclient?fun=insert&key=Key&value=Value failed for 0:0:0:0:0:FFFF:7F00:1, reason: 
["httpclient?fun=insert&key=Key&value=Value"]
[13/Jul/2013:16:56:16 +0800], traverse exit from apply: httpclient:do => 
{undef,[{http_util,split_script_path,
                   ["/httpclient?fun=insert&key=Key&value=Value"],
                   []},
        {httpclient,do,1,[{file,"src/httpclient.erl"},{line,42}]},
        {httpd_response,traverse_modules,2,
                        [{file,"httpd_response.erl"},{line,72}]},
        {httpd_response,generate_and_send_response,1,
                        [{file,"httpd_response.erl"},{line,40}]},
        {httpd_request_handler,handle_response,1,
                               [{file,"httpd_request_handler.erl"},
                                {line,554}]},
        {gen_server,handle_msg,5,[{file,"gen_server.erl"},{line,607}]},
        {proc_lib,init_p_do_apply,3,[{file,"proc_lib.erl"},{line,227}]}]}
[13/Jul/2013:16:56:17 +0800] access to /httpclient?fun=insert&key=Key&value=Value failed for 0:0:0:0:0:FFFF:7F00:1, reason: 
["httpclient?fun=insert&key=Key&value=Value"]
[13/Jul/2013:16:56:17 +0800], traverse exit from apply: httpclient:do => 
{undef,[{http_util,split_script_path,
                   ["/httpclient?fun=insert&key=Key&value=Value"],
                   []},
        {httpclient,do,1,[{file,"src/httpclient.erl"},{line,42}]},
        {httpd_response,traverse_modules,2,
                        [{file,"httpd_response.erl"},{line,72}]},
        {httpd_response,generate_and_send_response,1,
                        [{file,"httpd_response.erl"},{line,40}]},
        {httpd_request_handler,handle_response,1,
                               [{file,"httpd_request_handler.erl"},
                                {line,554}]},
        {gen_server,handle_msg,5,[{file,"gen_server.erl"},{line,607}]},
        {proc_lib,init_p_do_apply,3,[{file,"proc_lib.erl"},{line,227}]}]}
[13/Jul/2013:16:57:35 +0800] access to /httpclient?fun=insert&key=Key&value=Value failed for 0:0:0:0:0:FFFF:7F00:1, reason: 
["httpclient?fun=insert&key=Key&value=Value"]
[13/Jul/2013:16:57:35 +0800], traverse exit from apply: httpclient:do => 
{undef,[{http_util,split_script_path,
                   ["127.0.0.1:8080/httpclient?fun=insert&key=Key&value=Value"],
                   []},
        {httpclient,do,1,[{file,"src/httpclient.erl"},{line,43}]},
        {httpd_response,traverse_modules,2,
                        [{file,"httpd_response.erl"},{line,72}]},
        {httpd_response,generate_and_send_response,1,
                        [{file,"httpd_response.erl"},{line,40}]},
        {httpd_request_handler,handle_response,1,
                               [{file,"httpd_request_handler.erl"},
                                {line,554}]},
        {gen_server,handle_msg,5,[{file,"gen_server.erl"},{line,607}]},
        {proc_lib,init_p_do_apply,3,[{file,"proc_lib.erl"},{line,227}]}]}
[13/Jul/2013:16:58:57 +0800] access to /httpclient?fun=insert&key=Key&value=Value failed for 0:0:0:0:0:FFFF:7F00:1, reason: 
["httpclient?fun=insert&key=Key&value=Value"]
[13/Jul/2013:16:59:36 +0800] access to /httpclient?fun=insert&key=Key&value=Value failed for 0:0:0:0:0:FFFF:7F00:1, reason: 
["httpclient?fun=insert&key=Key&value=Value"]
[13/Jul/2013:17:13:12 +0800] access to /httpclient failed for 0:0:0:0:0:FFFF:7F00:1, reason: 
["httpclient"]
[13/Jul/2013:17:15:35 +0800] access to / failed for 0:0:0:0:0:FFFF:7F00:1, reason: 
[[]]
[13/Jul/2013:17:50:33 +0800] access to /httpclient?fun=add_db_server&key_server1 failed for 0:0:0:0:0:FFFF:7F00:1, reason: 
["httpclient?fun=add_db_server&key_server1"]
[13/Jul/2013:17:51:21 +0800] access to /httpclient?fun=add_db_server&key=server1 failed for 0:0:0:0:0:FFFF:7F00:1, reason: 
["httpclient?fun=add_db_server&key=server1"]
[13/Jul/2013:17:52:13 +0800] access to /httpclient?fun=add_db_server&key=server1 failed for 0:0:0:0:0:FFFF:7F00:1, reason: 
["httpclient?fun=add_db_server&key=server1"]
[13/Jul/2013:17:53:43 +0800] access to /httpclient?fun=ls_db_server&key=server1 failed for 0:0:0:0:0:FFFF:7F00:1, reason: 
["httpclient?fun=ls_db_server&key=server1"]
[13/Jul/2013:17:58:50 +0800] access to /httpclient?fun=ls_db_server&key=server1 failed for 0:0:0:0:0:FFFF:7F00:1, reason: 
["httpclient?fun=ls_db_server&key=server1"]
[13/Jul/2013:17:58:50 +0800], traverse exit from apply: httpclient:do => 
{{case_clause,[ls_db_server,server1,[]]},
 [{httpclient,do,1,[{file,"src/httpclient.erl"},{line,44}]},
  {httpd_response,traverse_modules,2,[{file,"httpd_response.erl"},{line,72}]},
  {httpd_response,generate_and_send_response,1,
                  [{file,"httpd_response.erl"},{line,40}]},
  {httpd_request_handler,handle_response,1,
                         [{file,"httpd_request_handler.erl"},{line,554}]},
  {gen_server,handle_msg,5,[{file,"gen_server.erl"},{line,607}]},
  {proc_lib,init_p_do_apply,3,[{file,"proc_lib.erl"},{line,227}]}]}
[13/Jul/2013:17:58:55 +0800] access to /httpclient?fun=ls_db_server failed for 0:0:0:0:0:FFFF:7F00:1, reason: 
["httpclient?fun=ls_db_server"]
[13/Jul/2013:17:59:10 +0800] access to /httpclient?fun=insert&key=a&value=64 failed for 0:0:0:0:0:FFFF:7F00:1, reason: 
["httpclient?fun=insert&key=a&value=64"]
[13/Jul/2013:17:59:21 +0800] access to /httpclient?fun=ls_db_server failed for 0:0:0:0:0:FFFF:7F00:1, reason: 
["httpclient?fun=ls_db_server"]
[13/Jul/2013:18:03:23 +0800] access to /httpclient?fun=ls_db_server failed for 0:0:0:0:0:FFFF:7F00:1, reason: 
["httpclient?fun=ls_db_server"]
[13/Jul/2013:18:03:57 +0800] access to /httpclient?fun=ls_db_server failed for 0:0:0:0:0:FFFF:7F00:1, reason: 
["httpclient?fun=ls_db_server"]
[13/Jul/2013:18:04:07 +0800] access to /httpclient?fun=add_db_server&key=server1 failed for 0:0:0:0:0:FFFF:7F00:1, reason: 
["httpclient?fun=add_db_server&key=server1"]
[13/Jul/2013:18:04:14 +0800] access to /httpclient?fun=ls_db_server failed for 0:0:0:0:0:FFFF:7F00:1, reason: 
["httpclient?fun=ls_db_server"]
[13/Jul/2013:18:06:21 +0800] access to /httpclient failed for 0:0:0:0:0:FFFF:7F00:1, reason: 
["httpclient"]
[13/Jul/2013:18:06:29 +0800] access to /httpclient/index.html failed for 0:0:0:0:0:FFFF:7F00:1, reason: 
"Not found"
[13/Jul/2013:18:06:35 +0800] access to /httpclient/index.html failed for 0:0:0:0:0:FFFF:7F00:1, reason: 
"Not found"
[13/Jul/2013:18:06:55 +0800] access to /httpclient/index.html failed for 0:0:0:0:0:FFFF:7F00:1, reason: 
"Not found"
[13/Jul/2013:18:06:56 +0800] access to /httpclient/index.html failed for 0:0:0:0:0:FFFF:7F00:1, reason: 
"Not found"
[13/Jul/2013:18:06:57 +0800] access to /httpclient/index.html failed for 0:0:0:0:0:FFFF:7F00:1, reason: 
"Not found"
[13/Jul/2013:18:06:59 +0800] access to /httpclient/index.html failed for 0:0:0:0:0:FFFF:7F00:1, reason: 
"Not found"
[13/Jul/2013:18:07:06 +0800] access to /index.html failed for 0:0:0:0:0:FFFF:7F00:1, reason: 
["index.html"]
[13/Jul/2013:18:07:11 +0800] access to /index.html failed for 0:0:0:0:0:FFFF:7F00:1, reason: 
["index.html"]
[13/Jul/2013:18:07:16 +0800] access to / failed for 0:0:0:0:0:FFFF:7F00:1, reason: 
[[]]
[13/Jul/2013:18:07:36 +0800] access to /httpclient failed for 0:0:0:0:0:FFFF:7F00:1, reason: 
["httpclient"]
[13/Jul/2013:18:11:45 +0800] access to /httpclient?fun=ls_db_server failed for 0:0:0:0:0:FFFF:7F00:1, reason: 
["httpclient?fun=ls_db_server"]
[13/Jul/2013:18:11:51 +0800] access to /httpclient?fun=ls_db_server failed for 0:0:0:0:0:FFFF:7F00:1, reason: 
["httpclient?fun=ls_db_server"]
[13/Jul/2013:18:14:50 +0800] access to /httpclient/index.html failed for 0:0:0:0:0:FFFF:7F00:1, reason: 
"Not found"
[13/Jul/2013:18:22:47 +0800] access to /httpclient?user=server1 failed for 0:0:0:0:0:FFFF:7F00:1, reason: 
["httpclient?user=server1"]
[13/Jul/2013:18:23:50 +0800] access to /httpclient?user=server1 failed for 0:0:0:0:0:FFFF:7F00:1, reason: 
["httpclient?user=server1"]
[13/Jul/2013:18:24:00 +0800] access to /httpclient?key=server1 failed for 0:0:0:0:0:FFFF:7F00:1, reason: 
["httpclient?key=server1"]
[13/Jul/2013:18:25:25 +0800] access to /httpclient?key=server1 failed for 0:0:0:0:0:FFFF:7F00:1, reason: 
["httpclient?key=server1"]
[13/Jul/2013:18:25:41 +0800] access to /httpclient/add failed for 0:0:0:0:0:FFFF:7F00:1, reason: 
"Not found"
[13/Jul/2013:18:25:43 +0800] access to /httpclient/add failed for 0:0:0:0:0:FFFF:7F00:1, reason: 
"Not found"
[13/Jul/2013:18:25:47 +0800] access to /httpclient?fun=ls_db_server failed for 0:0:0:0:0:FFFF:7F00:1, reason: 
["httpclient?fun=ls_db_server"]
[13/Jul/2013:18:25:50 +0800] access to /httpclient?fun=ls_db_server failed for 0:0:0:0:0:FFFF:7F00:1, reason: 
["httpclient?fun=ls_db_server"]
[13/Jul/2013:18:25:55 +0800] access to /httpclient?key=server1 failed for 0:0:0:0:0:FFFF:7F00:1, reason: 
["httpclient?key=server1"]
[13/Jul/2013:18:32:25 +0800] access to /httpclient?fun=add_db_server&key=ser failed for 0:0:0:0:0:FFFF:7F00:1, reason: 
["httpclient?fun=add_db_server&key=ser"]
[13/Jul/2013:18:32:32 +0800] access to /httpclient?fun=add_db_server&key=server1 failed for 0:0:0:0:0:FFFF:7F00:1, reason: 
["httpclient?fun=add_db_server&key=server1"]
[13/Jul/2013:18:35:24 +0800] access to /httpclient/index.html failed for 0:0:0:0:0:FFFF:7F00:1, reason: 
"Not found"
[13/Jul/2013:18:35:41 +0800] access to /httpclient/add failed for 0:0:0:0:0:FFFF:7F00:1, reason: 
"Not found"
[13/Jul/2013:18:35:45 +0800] access to /httpclient/add failed for 0:0:0:0:0:FFFF:7F00:1, reason: 
"Not found"
[13/Jul/2013:18:37:49 +0800] access to /httpclient/add failed for 0:0:0:0:0:FFFF:7F00:1, reason: 
"Not found"
[13/Jul/2013:18:40:44 +0800] access to /httpclient/add failed for 0:0:0:0:0:FFFF:7F00:1, reason: 
"Not found"
[13/Jul/2013:18:46:02 +0800] access to /httpclient/add failed for 0:0:0:0:0:FFFF:7F00:1, reason: 
"Not found"
[13/Jul/2013:18:46:07 +0800] access to /httpclient/insert failed for 0:0:0:0:0:FFFF:7F00:1, reason: 
"Not found"
[13/Jul/2013:18:46:10 +0800] access to /httpclient?fun=insert&key=&value= failed for 0:0:0:0:0:FFFF:7F00:1, reason: 
["httpclient?fun=insert&key=&value="]
[13/Jul/2013:18:46:10 +0800], traverse exit from apply: httpclient:do => 
{function_clause,
    [{httpclient,decode_path_info,
         ["/httpclient"],
         [{file,"src/httpclient.erl"},{line,83}]},
     {httpd_response,traverse_modules,2,
         [{file,"httpd_response.erl"},{line,72}]},
     {httpd_response,generate_and_send_response,1,
         [{file,"httpd_response.erl"},{line,40}]},
     {httpd_request_handler,handle_response,1,
         [{file,"httpd_request_handler.erl"},{line,554}]},
     {gen_server,handle_msg,5,[{file,"gen_server.erl"},{line,607}]},
     {proc_lib,init_p_do_apply,3,[{file,"proc_lib.erl"},{line,227}]}]}
[13/Jul/2013:18:47:35 +0800] access to /httpclient?fun=search&key= failed for 0:0:0:0:0:FFFF:7F00:1, reason: 
["httpclient?fun=search&key="]
[13/Jul/2013:18:47:35 +0800], traverse exit from apply: httpclient:do => 
{function_clause,
    [{httpclient,decode_path_info,
         ["/httpclient"],
         [{file,"src/httpclient.erl"},{line,83}]},
     {httpd_response,traverse_modules,2,
         [{file,"httpd_response.erl"},{line,72}]},
     {httpd_response,generate_and_send_response,1,
         [{file,"httpd_response.erl"},{line,40}]},
     {httpd_request_handler,handle_response,1,
         [{file,"httpd_request_handler.erl"},{line,554}]},
     {gen_server,handle_msg,5,[{file,"gen_server.erl"},{line,607}]},
     {proc_lib,init_p_do_apply,3,[{file,"proc_lib.erl"},{line,227}]}]}
[13/Jul/2013:18:50:29 +0800] access to /httpclient?fun=insert&key=&value= failed for 0:0:0:0:0:FFFF:7F00:1, reason: 
["httpclient?fun=insert&key=&value="]
[13/Jul/2013:18:50:29 +0800], traverse exit from apply: httpclient:do => 
{function_clause,
    [{httpclient,decode_path_info,
         ["/httpclient"],
         [{file,"src/httpclient.erl"},{line,83}]},
     {httpd_response,traverse_modules,2,
         [{file,"httpd_response.erl"},{line,72}]},
     {httpd_response,generate_and_send_response,1,
         [{file,"httpd_response.erl"},{line,40}]},
     {httpd_request_handler,handle_response,1,
         [{file,"httpd_request_handler.erl"},{line,554}]},
     {gen_server,handle_msg,5,[{file,"gen_server.erl"},{line,607}]},
     {proc_lib,init_p_do_apply,3,[{file,"proc_lib.erl"},{line,227}]}]}
[13/Jul/2013:18:50:38 +0800] access to /httpclient/search failed for 0:0:0:0:0:FFFF:7F00:1, reason: 
"Not found"
[13/Jul/2013:18:50:40 +0800] access to /httpclient?fun=search&key= failed for 0:0:0:0:0:FFFF:7F00:1, reason: 
["httpclient?fun=search&key="]
[13/Jul/2013:18:50:40 +0800], traverse exit from apply: httpclient:do => 
{function_clause,
    [{httpclient,decode_path_info,
         ["/httpclient"],
         [{file,"src/httpclient.erl"},{line,83}]},
     {httpd_response,traverse_modules,2,
         [{file,"httpd_response.erl"},{line,72}]},
     {httpd_response,generate_and_send_response,1,
         [{file,"httpd_response.erl"},{line,40}]},
     {httpd_request_handler,handle_response,1,
         [{file,"httpd_request_handler.erl"},{line,554}]},
     {gen_server,handle_msg,5,[{file,"gen_server.erl"},{line,607}]},
     {proc_lib,init_p_do_apply,3,[{file,"proc_lib.erl"},{line,227}]}]}
[13/Jul/2013:19:01:13 +0800] access to /httpclient failed for 0:0:0:0:0:FFFF:7F00:1, reason: 
["httpclient"]
[13/Jul/2013:19:01:13 +0800], traverse exit from apply: httpclient:do => 
{function_clause,
    [{httpclient,decode_path_info,
         ["/httpclient"],
         [{file,"src/httpclient.erl"},{line,83}]},
     {httpd_response,traverse_modules,2,
         [{file,"httpd_response.erl"},{line,72}]},
     {httpd_response,generate_and_send_response,1,
         [{file,"httpd_response.erl"},{line,40}]},
     {httpd_request_handler,handle_response,1,
         [{file,"httpd_request_handler.erl"},{line,554}]},
     {gen_server,handle_msg,5,[{file,"gen_server.erl"},{line,607}]},
     {proc_lib,init_p_do_apply,3,[{file,"proc_lib.erl"},{line,227}]}]}
[13/Jul/2013:19:01:17 +0800] access to /httpclient failed for 0:0:0:0:0:FFFF:7F00:1, reason: 
["httpclient"]
[13/Jul/2013:19:01:17 +0800], traverse exit from apply: httpclient:do => 
{function_clause,
    [{httpclient,decode_path_info,
         ["/httpclient"],
         [{file,"src/httpclient.erl"},{line,83}]},
     {httpd_response,traverse_modules,2,
         [{file,"httpd_response.erl"},{line,72}]},
     {httpd_response,generate_and_send_response,1,
         [{file,"httpd_response.erl"},{line,40}]},
     {httpd_request_handler,handle_response,1,
         [{file,"httpd_request_handler.erl"},{line,554}]},
     {gen_server,handle_msg,5,[{file,"gen_server.erl"},{line,607}]},
     {proc_lib,init_p_do_apply,3,[{file,"proc_lib.erl"},{line,227}]}]}
[13/Jul/2013:19:01:37 +0800] access to /httpclient failed for 0:0:0:0:0:FFFF:7F00:1, reason: 
["httpclient"]
[13/Jul/2013:19:01:37 +0800], traverse exit from apply: httpclient:do => 
{function_clause,
    [{httpclient,decode_path_info,
         ["/httpclient"],
         [{file,"src/httpclient.erl"},{line,83}]},
     {httpd_response,traverse_modules,2,
         [{file,"httpd_response.erl"},{line,72}]},
     {httpd_response,generate_and_send_response,1,
         [{file,"httpd_response.erl"},{line,40}]},
     {httpd_request_handler,handle_response,1,
         [{file,"httpd_request_handler.erl"},{line,554}]},
     {gen_server,handle_msg,5,[{file,"gen_server.erl"},{line,607}]},
     {proc_lib,init_p_do_apply,3,[{file,"proc_lib.erl"},{line,227}]}]}
[13/Jul/2013:19:01:38 +0800] access to /httpclient failed for 0:0:0:0:0:FFFF:7F00:1, reason: 
["httpclient"]
[13/Jul/2013:19:01:38 +0800], traverse exit from apply: httpclient:do => 
{function_clause,
    [{httpclient,decode_path_info,
         ["/httpclient"],
         [{file,"src/httpclient.erl"},{line,83}]},
     {httpd_response,traverse_modules,2,
         [{file,"httpd_response.erl"},{line,72}]},
     {httpd_response,generate_and_send_response,1,
         [{file,"httpd_response.erl"},{line,40}]},
     {httpd_request_handler,handle_response,1,
         [{file,"httpd_request_handler.erl"},{line,554}]},
     {gen_server,handle_msg,5,[{file,"gen_server.erl"},{line,607}]},
     {proc_lib,init_p_do_apply,3,[{file,"proc_lib.erl"},{line,227}]}]}
[13/Jul/2013:19:01:39 +0800] access to /httpclient failed for 0:0:0:0:0:FFFF:7F00:1, reason: 
["httpclient"]
[13/Jul/2013:19:01:39 +0800], traverse exit from apply: httpclient:do => 
{function_clause,
    [{httpclient,decode_path_info,
         ["/httpclient"],
         [{file,"src/httpclient.erl"},{line,83}]},
     {httpd_response,traverse_modules,2,
         [{file,"httpd_response.erl"},{line,72}]},
     {httpd_response,generate_and_send_response,1,
         [{file,"httpd_response.erl"},{line,40}]},
     {httpd_request_handler,handle_response,1,
         [{file,"httpd_request_handler.erl"},{line,554}]},
     {gen_server,handle_msg,5,[{file,"gen_server.erl"},{line,607}]},
     {proc_lib,init_p_do_apply,3,[{file,"proc_lib.erl"},{line,227}]}]}
[13/Jul/2013:19:01:40 +0800] access to /httpclient failed for 0:0:0:0:0:FFFF:7F00:1, reason: 
["httpclient"]
[13/Jul/2013:19:01:40 +0800], traverse exit from apply: httpclient:do => 
{function_clause,
    [{httpclient,decode_path_info,
         ["/httpclient"],
         [{file,"src/httpclient.erl"},{line,83}]},
     {httpd_response,traverse_modules,2,
         [{file,"httpd_response.erl"},{line,72}]},
     {httpd_response,generate_and_send_response,1,
         [{file,"httpd_response.erl"},{line,40}]},
     {httpd_request_handler,handle_response,1,
         [{file,"httpd_request_handler.erl"},{line,554}]},
     {gen_server,handle_msg,5,[{file,"gen_server.erl"},{line,607}]},
     {proc_lib,init_p_do_apply,3,[{file,"proc_lib.erl"},{line,227}]}]}
[13/Jul/2013:19:01:41 +0800] access to /httpclient failed for 0:0:0:0:0:FFFF:7F00:1, reason: 
["httpclient"]
[13/Jul/2013:19:01:41 +0800], traverse exit from apply: httpclient:do => 
{function_clause,
    [{httpclient,decode_path_info,
         ["/httpclient"],
         [{file,"src/httpclient.erl"},{line,83}]},
     {httpd_response,traverse_modules,2,
         [{file,"httpd_response.erl"},{line,72}]},
     {httpd_response,generate_and_send_response,1,
         [{file,"httpd_response.erl"},{line,40}]},
     {httpd_request_handler,handle_response,1,
         [{file,"httpd_request_handler.erl"},{line,554}]},
     {gen_server,handle_msg,5,[{file,"gen_server.erl"},{line,607}]},
     {proc_lib,init_p_do_apply,3,[{file,"proc_lib.erl"},{line,227}]}]}
[13/Jul/2013:19:01:42 +0800] access to /httpclient failed for 0:0:0:0:0:FFFF:7F00:1, reason: 
["httpclient"]
[13/Jul/2013:19:01:42 +0800], traverse exit from apply: httpclient:do => 
{function_clause,
    [{httpclient,decode_path_info,
         ["/httpclient"],
         [{file,"src/httpclient.erl"},{line,83}]},
     {httpd_response,traverse_modules,2,
         [{file,"httpd_response.erl"},{line,72}]},
     {httpd_response,generate_and_send_response,1,
         [{file,"httpd_response.erl"},{line,40}]},
     {httpd_request_handler,handle_response,1,
         [{file,"httpd_request_handler.erl"},{line,554}]},
     {gen_server,handle_msg,5,[{file,"gen_server.erl"},{line,607}]},
     {proc_lib,init_p_do_apply,3,[{file,"proc_lib.erl"},{line,227}]}]}
[13/Jul/2013:19:01:47 +0800] access to /httpclient failed for 0:0:0:0:0:FFFF:7F00:1, reason: 
["httpclient"]
[13/Jul/2013:19:01:47 +0800], traverse exit from apply: httpclient:do => 
{function_clause,
    [{httpclient,decode_path_info,
         ["/httpclient"],
         [{file,"src/httpclient.erl"},{line,83}]},
     {httpd_response,traverse_modules,2,
         [{file,"httpd_response.erl"},{line,72}]},
     {httpd_response,generate_and_send_response,1,
         [{file,"httpd_response.erl"},{line,40}]},
     {httpd_request_handler,handle_response,1,
         [{file,"httpd_request_handler.erl"},{line,554}]},
     {gen_server,handle_msg,5,[{file,"gen_server.erl"},{line,607}]},
     {proc_lib,init_p_do_apply,3,[{file,"proc_lib.erl"},{line,227}]}]}
[13/Jul/2013:19:02:04 +0800] access to /httpclient failed for 0:0:0:0:0:FFFF:7F00:1, reason: 
["httpclient"]
[13/Jul/2013:19:02:08 +0800] access to /httpclient/add failed for 0:0:0:0:0:FFFF:7F00:1, reason: 
"Not found"
[13/Jul/2013:19:02:10 +0800] access to /httpclient/rm failed for 0:0:0:0:0:FFFF:7F00:1, reason: 
"Not found"
[13/Jul/2013:19:02:37 +0800] access to /httpclient failed for 0:0:0:0:0:FFFF:7F00:1, reason: 
["httpclient"]
[13/Jul/2013:19:02:40 +0800] access to /httpclient/ls failed for 0:0:0:0:0:FFFF:7F00:1, reason: 
"Not found"
[13/Jul/2013:19:02:40 +0800], traverse exit from apply: httpclient:do => 
{function_clause,
    [{httpclient,decode_path_info,
         ["/httpclient/ls"],
         [{file,"src/httpclient.erl"},{line,83}]},
     {httpd_response,traverse_modules,2,
         [{file,"httpd_response.erl"},{line,72}]},
     {httpd_response,generate_and_send_response,1,
         [{file,"httpd_response.erl"},{line,40}]},
     {httpd_request_handler,handle_response,1,
         [{file,"httpd_request_handler.erl"},{line,554}]},
     {gen_server,handle_msg,5,[{file,"gen_server.erl"},{line,607}]},
     {proc_lib,init_p_do_apply,3,[{file,"proc_lib.erl"},{line,227}]}]}
[13/Jul/2013:19:02:43 +0800] access to /httpclient/add failed for 0:0:0:0:0:FFFF:7F00:1, reason: 
"Not found"
[13/Jul/2013:19:02:46 +0800] access to /httpclient/ls failed for 0:0:0:0:0:FFFF:7F00:1, reason: 
"Not found"
[13/Jul/2013:19:02:46 +0800], traverse exit from apply: httpclient:do => 
{function_clause,
    [{httpclient,decode_path_info,
         ["/httpclient/ls"],
         [{file,"src/httpclient.erl"},{line,83}]},
     {httpd_response,traverse_modules,2,
         [{file,"httpd_response.erl"},{line,72}]},
     {httpd_response,generate_and_send_response,1,
         [{file,"httpd_response.erl"},{line,40}]},
     {httpd_request_handler,handle_response,1,
         [{file,"httpd_request_handler.erl"},{line,554}]},
     {gen_server,handle_msg,5,[{file,"gen_server.erl"},{line,607}]},
     {proc_lib,init_p_do_apply,3,[{file,"proc_lib.erl"},{line,227}]}]}
[13/Jul/2013:19:02:49 +0800] access to /httpclient/insert failed for 0:0:0:0:0:FFFF:7F00:1, reason: 
"Not found"
[13/Jul/2013:19:02:51 +0800] access to /httpclient/search failed for 0:0:0:0:0:FFFF:7F00:1, reason: 
"Not found"
[13/Jul/2013:19:02:53 +0800] access to /httpclient/ls failed for 0:0:0:0:0:FFFF:7F00:1, reason: 
"Not found"
[13/Jul/2013:19:02:53 +0800], traverse exit from apply: httpclient:do => 
{function_clause,
    [{httpclient,decode_path_info,
         ["/httpclient/ls"],
         [{file,"src/httpclient.erl"},{line,83}]},
     {httpd_response,traverse_modules,2,
         [{file,"httpd_response.erl"},{line,72}]},
     {httpd_response,generate_and_send_response,1,
         [{file,"httpd_response.erl"},{line,40}]},
     {httpd_request_handler,handle_response,1,
         [{file,"httpd_request_handler.erl"},{line,554}]},
     {gen_server,handle_msg,5,[{file,"gen_server.erl"},{line,607}]},
     {proc_lib,init_p_do_apply,3,[{file,"proc_lib.erl"},{line,227}]}]}
[13/Jul/2013:19:02:56 +0800] access to /httpclient/add failed for 0:0:0:0:0:FFFF:7F00:1, reason: 
"Not found"
[13/Jul/2013:19:02:58 +0800] access to /httpclient/ls failed for 0:0:0:0:0:FFFF:7F00:1, reason: 
"Not found"
[13/Jul/2013:19:02:58 +0800], traverse exit from apply: httpclient:do => 
{function_clause,
    [{httpclient,decode_path_info,
         ["/httpclient/ls"],
         [{file,"src/httpclient.erl"},{line,83}]},
     {httpd_response,traverse_modules,2,
         [{file,"httpd_response.erl"},{line,72}]},
     {httpd_response,generate_and_send_response,1,
         [{file,"httpd_response.erl"},{line,40}]},
     {httpd_request_handler,handle_response,1,
         [{file,"httpd_request_handler.erl"},{line,554}]},
     {gen_server,handle_msg,5,[{file,"gen_server.erl"},{line,607}]},
     {proc_lib,init_p_do_apply,3,[{file,"proc_lib.erl"},{line,227}]}]}
[13/Jul/2013:19:03:01 +0800] access to /httpclient/search failed for 0:0:0:0:0:FFFF:7F00:1, reason: 
"Not found"
[13/Jul/2013:19:03:03 +0800] access to /httpclient/update failed for 0:0:0:0:0:FFFF:7F00:1, reason: 
"Not found"
[13/Jul/2013:19:03:10 +0800] access to /httpclient/ls failed for 0:0:0:0:0:FFFF:7F00:1, reason: 
"Not found"
[13/Jul/2013:19:03:10 +0800], traverse exit from apply: httpclient:do => 
{function_clause,
    [{httpclient,decode_path_info,
         ["/httpclient/ls"],
         [{file,"src/httpclient.erl"},{line,83}]},
     {httpd_response,traverse_modules,2,
         [{file,"httpd_response.erl"},{line,72}]},
     {httpd_response,generate_and_send_response,1,
         [{file,"httpd_response.erl"},{line,40}]},
     {httpd_request_handler,handle_response,1,
         [{file,"httpd_request_handler.erl"},{line,554}]},
     {gen_server,handle_msg,5,[{file,"gen_server.erl"},{line,607}]},
     {proc_lib,init_p_do_apply,3,[{file,"proc_lib.erl"},{line,227}]}]}
[13/Jul/2013:19:07:18 +0800] access to /httpclient failed for 0:0:0:0:0:FFFF:7F00:1, reason: 
["httpclient"]
[13/Jul/2013:19:07:22 +0800] access to /httpclient/add failed for 0:0:0:0:0:FFFF:7F00:1, reason: 
"Not found"
[13/Jul/2013:19:07:27 +0800] access to /httpclient?fun=add_db_server&key=server1 failed for 0:0:0:0:0:FFFF:7F00:1, reason: 
["httpclient?fun=add_db_server&key=server1"]
[13/Jul/2013:19:07:31 +0800] access to /httpclient?fun=add_db_server&key=server2 failed for 0:0:0:0:0:FFFF:7F00:1, reason: 
["httpclient?fun=add_db_server&key=server2"]
[13/Jul/2013:19:07:38 +0800] access to /httpclient/rm failed for 0:0:0:0:0:FFFF:7F00:1, reason: 
"Not found"
[13/Jul/2013:19:07:44 +0800] access to /httpclient?fun=rm_db_server&key=server1 failed for 0:0:0:0:0:FFFF:7F00:1, reason: 
["httpclient?fun=rm_db_server&key=server1"]
[13/Jul/2013:19:07:44 +0800], traverse exit from apply: httpclient:do => 
{{case_clause,[rm_db_server,server1,[]]},
 [{httpclient,do,1,[{file,"src/httpclient.erl"},{line,51}]},
  {httpd_response,traverse_modules,2,[{file,"httpd_response.erl"},{line,72}]},
  {httpd_response,generate_and_send_response,1,
                  [{file,"httpd_response.erl"},{line,40}]},
  {httpd_request_handler,handle_response,1,
                         [{file,"httpd_request_handler.erl"},{line,554}]},
  {gen_server,handle_msg,5,[{file,"gen_server.erl"},{line,607}]},
  {proc_lib,init_p_do_apply,3,[{file,"proc_lib.erl"},{line,227}]}]}
[13/Jul/2013:19:08:23 +0800] access to /httpclient?fun=rm_db_server&key=server1 failed for 0:0:0:0:0:FFFF:7F00:1, reason: 
["httpclient?fun=rm_db_server&key=server1"]
[13/Jul/2013:19:08:28 +0800] access to /httpclient?fun=ls_db_server failed for 0:0:0:0:0:FFFF:7F00:1, reason: 
["httpclient?fun=ls_db_server"]
[13/Jul/2013:19:08:34 +0800] access to /httpclient/rm failed for 0:0:0:0:0:FFFF:7F00:1, reason: 
"Not found"
[13/Jul/2013:19:08:42 +0800] access to /httpclient?fun=rm_db_server&key=ser failed for 0:0:0:0:0:FFFF:7F00:1, reason: 
["httpclient?fun=rm_db_server&key=ser"]
[13/Jul/2013:19:08:46 +0800] access to /httpclient?fun=ls_db_server failed for 0:0:0:0:0:FFFF:7F00:1, reason: 
["httpclient?fun=ls_db_server"]
[13/Jul/2013:19:08:51 +0800] access to /httpclient/insert failed for 0:0:0:0:0:FFFF:7F00:1, reason: 
"Not found"
[13/Jul/2013:19:08:57 +0800] access to /httpclient?fun=insert&key=a&value=42 failed for 0:0:0:0:0:FFFF:7F00:1, reason: 
["httpclient?fun=insert&key=a&value=42"]
[13/Jul/2013:19:08:57 +0800], traverse exit from apply: httpclient:do => 
{{{badrecord,serverState},
  [{db_proxy,handle_call,3,[{file,"src/db_proxy.erl"},{line,124}]},
   {gen_server,handle_msg,5,[{file,"gen_server.erl"},{line,588}]},
   {proc_lib,init_p_do_apply,3,[{file,"proc_lib.erl"},{line,227}]}]},
 {gen_server,call,[db_proxy,{insert,a,'42'}]}}
[13/Jul/2013:19:09:36 +0800] access to /httpclient?fun=insert&key=a&value=42 failed for 0:0:0:0:0:FFFF:7F00:1, reason: 
["httpclient?fun=insert&key=a&value=42"]
[13/Jul/2013:19:09:41 +0800] access to /httpclient?fun=insert&key=a&value=42 failed for 0:0:0:0:0:FFFF:7F00:1, reason: 
["httpclient?fun=insert&key=a&value=42"]
[13/Jul/2013:19:09:45 +0800] access to /httpclient?fun=ls_db_server failed for 0:0:0:0:0:FFFF:7F00:1, reason: 
["httpclient?fun=ls_db_server"]
[13/Jul/2013:19:09:48 +0800] access to /httpclient/update failed for 0:0:0:0:0:FFFF:7F00:1, reason: 
"Not found"
[13/Jul/2013:19:09:51 +0800] access to /httpclient/delete failed for 0:0:0:0:0:FFFF:7F00:1, reason: 
"Not found"
[13/Jul/2013:19:09:55 +0800] access to /httpclient/delete failed for 0:0:0:0:0:FFFF:7F00:1, reason: 
"Not found"
[13/Jul/2013:19:10:41 +0800] access to /httpclient/delete failed for 0:0:0:0:0:FFFF:7F00:1, reason: 
"Not found"
[13/Jul/2013:19:10:44 +0800] access to /httpclient/search failed for 0:0:0:0:0:FFFF:7F00:1, reason: 
"Not found"
[13/Jul/2013:19:10:47 +0800] access to /httpclient/add failed for 0:0:0:0:0:FFFF:7F00:1, reason: 
"Not found"
