0:0:0:0:0:FFFF:7F00:1 - - [13/Jul/2013:16:09:41 +0800] "GET /httpclient HTTP/1.1" 404 0
0:0:0:0:0:FFFF:7F00:1 - - [13/Jul/2013:16:12:00 +0800] "GET /httpclient?fun=insert&key=Key&value=Value HTTP/1.1" 404 0
0:0:0:0:0:FFFF:7F00:1 - - [13/Jul/2013:16:12:01 +0800] "GET /favicon.ico HTTP/1.1" 404 0
0:0:0:0:0:FFFF:7F00:1 - - [13/Jul/2013:16:12:01 +0800] "GET /favicon.ico HTTP/1.1" 404 0
0:0:0:0:0:FFFF:7F00:1 - - [13/Jul/2013:16:13:24 +0800] "GET /httpclient?fun=insert&key=Key&value=Value HTTP/1.1" 404 0
0:0:0:0:0:FFFF:7F00:1 - - [13/Jul/2013:16:27:17 +0800] "GET /httpclient?fun=insert&key=Key&value=Value HTTP/1.1" 404 0
0:0:0:0:0:FFFF:7F00:1 - - [13/Jul/2013:16:28:10 +0800] "GET /httpclient?fun=insert&key=Key&value=Value HTTP/1.1" 400 0
0:0:0:0:0:FFFF:7F00:1 - - [13/Jul/2013:16:40:08 +0800] "GET /httpclient?fun=insert&key=Key&value=Value HTTP/1.1" 400 0
0:0:0:0:0:FFFF:7F00:1 - - [13/Jul/2013:16:40:21 +0800] "GET /httpclient?fun=insert&key=Key&value=Value HTTP/1.1" 400 0
0:0:0:0:0:FFFF:7F00:1 - - [13/Jul/2013:16:52:42 +0800] "GET /httpclient?fun=insert&key=Key&value=Value HTTP/1.1" 400 0
0:0:0:0:0:FFFF:7F00:1 - - [13/Jul/2013:16:54:05 +0800] "GET /httpclient?fun=insert&key=Key&value=Value HTTP/1.1" 400 0
0:0:0:0:0:FFFF:7F00:1 - - [13/Jul/2013:16:55:52 +0800] "GET /httpclient?fun=insert&key=Key&value=Value HTTP/1.1" 400 0
0:0:0:0:0:FFFF:7F00:1 - - [13/Jul/2013:16:56:15 +0800] "GET /httpclient?fun=insert&key=Key&value=Value HTTP/1.1" 400 0
0:0:0:0:0:FFFF:7F00:1 - - [13/Jul/2013:16:56:16 +0800] "GET /httpclient?fun=insert&key=Key&value=Value HTTP/1.1" 400 0
0:0:0:0:0:FFFF:7F00:1 - - [13/Jul/2013:16:56:17 +0800] "GET /httpclient?fun=insert&key=Key&value=Value HTTP/1.1" 400 0
0:0:0:0:0:FFFF:7F00:1 - - [13/Jul/2013:16:57:35 +0800] "GET /httpclient?fun=insert&key=Key&value=Value HTTP/1.1" 400 0
0:0:0:0:0:FFFF:7F00:1 - - [13/Jul/2013:16:58:57 +0800] "GET /httpclient?fun=insert&key=Key&value=Value HTTP/1.1" 400 0
0:0:0:0:0:FFFF:7F00:1 - - [13/Jul/2013:16:59:36 +0800] "GET /httpclient?fun=insert&key=Key&value=Value HTTP/1.1" 400 0
0:0:0:0:0:FFFF:7F00:1 - - [13/Jul/2013:17:13:12 +0800] "GET /httpclient HTTP/1.1" 400 0
0:0:0:0:0:FFFF:7F00:1 - - [13/Jul/2013:17:15:35 +0800] "GET / HTTP/1.1" 400 0
0:0:0:0:0:FFFF:7F00:1 - - [13/Jul/2013:17:50:33 +0800] "GET /httpclient?fun=add_db_server&key_server1 HTTP/1.1" 400 0
0:0:0:0:0:FFFF:7F00:1 - - [13/Jul/2013:17:51:21 +0800] "GET /httpclient?fun=add_db_server&key=server1 HTTP/1.1" 400 0
0:0:0:0:0:FFFF:7F00:1 - - [13/Jul/2013:17:52:13 +0800] "GET /httpclient?fun=add_db_server&key=server1 HTTP/1.1" 400 0
0:0:0:0:0:FFFF:7F00:1 - - [13/Jul/2013:17:53:43 +0800] "GET /httpclient?fun=ls_db_server&key=server1 HTTP/1.1" 400 0
0:0:0:0:0:FFFF:7F00:1 - - [13/Jul/2013:17:58:50 +0800] "GET /httpclient?fun=ls_db_server&key=server1 HTTP/1.1" 400 0
0:0:0:0:0:FFFF:7F00:1 - - [13/Jul/2013:17:58:55 +0800] "GET /httpclient?fun=ls_db_server HTTP/1.1" 400 0
0:0:0:0:0:FFFF:7F00:1 - - [13/Jul/2013:17:59:10 +0800] "GET /httpclient?fun=insert&key=a&value=64 HTTP/1.1" 400 0
0:0:0:0:0:FFFF:7F00:1 - - [13/Jul/2013:17:59:21 +0800] "GET /httpclient?fun=ls_db_server HTTP/1.1" 400 0
0:0:0:0:0:FFFF:7F00:1 - - [13/Jul/2013:18:03:23 +0800] "GET /httpclient?fun=ls_db_server HTTP/1.1" 400 0
0:0:0:0:0:FFFF:7F00:1 - - [13/Jul/2013:18:03:57 +0800] "GET /httpclient?fun=ls_db_server HTTP/1.1" 400 0
0:0:0:0:0:FFFF:7F00:1 - - [13/Jul/2013:18:04:07 +0800] "GET /httpclient?fun=add_db_server&key=server1 HTTP/1.1" 400 0
0:0:0:0:0:FFFF:7F00:1 - - [13/Jul/2013:18:04:14 +0800] "GET /httpclient?fun=ls_db_server HTTP/1.1" 400 0
0:0:0:0:0:FFFF:7F00:1 - - [13/Jul/2013:18:06:21 +0800] "GET /httpclient HTTP/1.1" 400 0
0:0:0:0:0:FFFF:7F00:1 - - [13/Jul/2013:18:06:29 +0800] "GET /httpclient/index.html HTTP/1.1" 404 0
0:0:0:0:0:FFFF:7F00:1 - - [13/Jul/2013:18:06:35 +0800] "GET /httpclient/index.html HTTP/1.1" 404 0
0:0:0:0:0:FFFF:7F00:1 - - [13/Jul/2013:18:06:55 +0800] "GET /httpclient/index.html HTTP/1.1" 404 0
0:0:0:0:0:FFFF:7F00:1 - - [13/Jul/2013:18:06:56 +0800] "GET /httpclient/index.html HTTP/1.1" 404 0
0:0:0:0:0:FFFF:7F00:1 - - [13/Jul/2013:18:06:57 +0800] "GET /httpclient/index.html HTTP/1.1" 404 0
0:0:0:0:0:FFFF:7F00:1 - - [13/Jul/2013:18:06:59 +0800] "GET /httpclient/index.html HTTP/1.1" 404 0
0:0:0:0:0:FFFF:7F00:1 - - [13/Jul/2013:18:07:06 +0800] "GET /index.html HTTP/1.1" 400 0
0:0:0:0:0:FFFF:7F00:1 - - [13/Jul/2013:18:07:11 +0800] "GET /index.html HTTP/1.1" 400 0
0:0:0:0:0:FFFF:7F00:1 - - [13/Jul/2013:18:07:16 +0800] "GET / HTTP/1.1" 400 0
0:0:0:0:0:FFFF:7F00:1 - - [13/Jul/2013:18:07:36 +0800] "GET /httpclient HTTP/1.1" 400 0
0:0:0:0:0:FFFF:7F00:1 - - [13/Jul/2013:18:11:45 +0800] "GET /httpclient?fun=ls_db_server HTTP/1.1" 400 0
0:0:0:0:0:FFFF:7F00:1 - - [13/Jul/2013:18:11:51 +0800] "GET /httpclient?fun=ls_db_server HTTP/1.1" 400 0
0:0:0:0:0:FFFF:7F00:1 - - [13/Jul/2013:18:14:50 +0800] "GET /httpclient/index.html HTTP/1.1" 404 0
0:0:0:0:0:FFFF:7F00:1 - - [13/Jul/2013:18:22:47 +0800] "GET /httpclient?user=server1 HTTP/1.1" 400 0
0:0:0:0:0:FFFF:7F00:1 - - [13/Jul/2013:18:23:50 +0800] "GET /httpclient?user=server1 HTTP/1.1" 400 0
0:0:0:0:0:FFFF:7F00:1 - - [13/Jul/2013:18:24:00 +0800] "GET /httpclient?key=server1 HTTP/1.1" 400 0
0:0:0:0:0:FFFF:7F00:1 - - [13/Jul/2013:18:25:25 +0800] "GET /httpclient?key=server1 HTTP/1.1" 400 0
0:0:0:0:0:FFFF:7F00:1 - - [13/Jul/2013:18:25:41 +0800] "GET /httpclient/add HTTP/1.1" 404 0
0:0:0:0:0:FFFF:7F00:1 - - [13/Jul/2013:18:25:43 +0800] "GET /httpclient/add HTTP/1.1" 404 0
0:0:0:0:0:FFFF:7F00:1 - - [13/Jul/2013:18:25:47 +0800] "GET /httpclient?fun=ls_db_server HTTP/1.1" 400 0
0:0:0:0:0:FFFF:7F00:1 - - [13/Jul/2013:18:25:50 +0800] "GET /httpclient?fun=ls_db_server HTTP/1.1" 400 0
0:0:0:0:0:FFFF:7F00:1 - - [13/Jul/2013:18:25:55 +0800] "GET /httpclient?key=server1 HTTP/1.1" 400 0
0:0:0:0:0:FFFF:7F00:1 - - [13/Jul/2013:18:32:25 +0800] "GET /httpclient?fun=add_db_server&key=ser HTTP/1.1" 400 0
0:0:0:0:0:FFFF:7F00:1 - - [13/Jul/2013:18:32:32 +0800] "GET /httpclient?fun=add_db_server&key=server1 HTTP/1.1" 400 0
0:0:0:0:0:FFFF:7F00:1 - - [13/Jul/2013:18:35:24 +0800] "GET /httpclient/index.html HTTP/1.1" 404 0
0:0:0:0:0:FFFF:7F00:1 - - [13/Jul/2013:18:35:41 +0800] "GET /httpclient/add HTTP/1.1" 404 0
0:0:0:0:0:FFFF:7F00:1 - - [13/Jul/2013:18:35:45 +0800] "GET /httpclient/add HTTP/1.1" 404 0
0:0:0:0:0:FFFF:7F00:1 - - [13/Jul/2013:18:37:49 +0800] "GET /httpclient/add HTTP/1.1" 404 0
0:0:0:0:0:FFFF:7F00:1 - - [13/Jul/2013:18:40:44 +0800] "GET /httpclient/add HTTP/1.1" 404 0
0:0:0:0:0:FFFF:7F00:1 - - [13/Jul/2013:18:46:02 +0800] "GET /httpclient/add HTTP/1.1" 404 0
0:0:0:0:0:FFFF:7F00:1 - - [13/Jul/2013:18:46:07 +0800] "GET /httpclient/insert HTTP/1.1" 404 0
0:0:0:0:0:FFFF:7F00:1 - - [13/Jul/2013:18:46:10 +0800] "GET /httpclient?fun=insert&key=&value= HTTP/1.1" 400 0
0:0:0:0:0:FFFF:7F00:1 - - [13/Jul/2013:18:47:35 +0800] "GET /httpclient?fun=search&key= HTTP/1.1" 400 0
0:0:0:0:0:FFFF:7F00:1 - - [13/Jul/2013:18:50:29 +0800] "GET /httpclient?fun=insert&key=&value= HTTP/1.1" 400 0
0:0:0:0:0:FFFF:7F00:1 - - [13/Jul/2013:18:50:38 +0800] "GET /httpclient/search HTTP/1.1" 404 0
0:0:0:0:0:FFFF:7F00:1 - - [13/Jul/2013:18:50:40 +0800] "GET /httpclient?fun=search&key= HTTP/1.1" 400 0
0:0:0:0:0:FFFF:7F00:1 - - [13/Jul/2013:19:01:13 +0800] "GET /httpclient HTTP/1.1" 400 0
0:0:0:0:0:FFFF:7F00:1 - - [13/Jul/2013:19:01:17 +0800] "GET /httpclient HTTP/1.1" 400 0
0:0:0:0:0:FFFF:7F00:1 - - [13/Jul/2013:19:01:37 +0800] "GET /httpclient HTTP/1.1" 400 0
0:0:0:0:0:FFFF:7F00:1 - - [13/Jul/2013:19:01:38 +0800] "GET /httpclient HTTP/1.1" 400 0
0:0:0:0:0:FFFF:7F00:1 - - [13/Jul/2013:19:01:39 +0800] "GET /httpclient HTTP/1.1" 400 0
0:0:0:0:0:FFFF:7F00:1 - - [13/Jul/2013:19:01:40 +0800] "GET /httpclient HTTP/1.1" 400 0
0:0:0:0:0:FFFF:7F00:1 - - [13/Jul/2013:19:01:41 +0800] "GET /httpclient HTTP/1.1" 400 0
0:0:0:0:0:FFFF:7F00:1 - - [13/Jul/2013:19:01:42 +0800] "GET /httpclient HTTP/1.1" 400 0
0:0:0:0:0:FFFF:7F00:1 - - [13/Jul/2013:19:01:47 +0800] "GET /httpclient HTTP/1.1" 400 0
0:0:0:0:0:FFFF:7F00:1 - - [13/Jul/2013:19:02:04 +0800] "GET /httpclient HTTP/1.1" 400 0
0:0:0:0:0:FFFF:7F00:1 - - [13/Jul/2013:19:02:08 +0800] "GET /httpclient/add HTTP/1.1" 404 0
0:0:0:0:0:FFFF:7F00:1 - - [13/Jul/2013:19:02:10 +0800] "GET /httpclient/rm HTTP/1.1" 404 0
0:0:0:0:0:FFFF:7F00:1 - - [13/Jul/2013:19:02:37 +0800] "GET /httpclient HTTP/1.1" 400 0
0:0:0:0:0:FFFF:7F00:1 - - [13/Jul/2013:19:02:40 +0800] "GET /httpclient/ls HTTP/1.1" 404 0
0:0:0:0:0:FFFF:7F00:1 - - [13/Jul/2013:19:02:43 +0800] "GET /httpclient/add HTTP/1.1" 404 0
0:0:0:0:0:FFFF:7F00:1 - - [13/Jul/2013:19:02:46 +0800] "GET /httpclient/ls HTTP/1.1" 404 0
0:0:0:0:0:FFFF:7F00:1 - - [13/Jul/2013:19:02:49 +0800] "GET /httpclient/insert HTTP/1.1" 404 0
0:0:0:0:0:FFFF:7F00:1 - - [13/Jul/2013:19:02:51 +0800] "GET /httpclient/search HTTP/1.1" 404 0
0:0:0:0:0:FFFF:7F00:1 - - [13/Jul/2013:19:02:53 +0800] "GET /httpclient/ls HTTP/1.1" 404 0
0:0:0:0:0:FFFF:7F00:1 - - [13/Jul/2013:19:02:56 +0800] "GET /httpclient/add HTTP/1.1" 404 0
0:0:0:0:0:FFFF:7F00:1 - - [13/Jul/2013:19:02:58 +0800] "GET /httpclient/ls HTTP/1.1" 404 0
0:0:0:0:0:FFFF:7F00:1 - - [13/Jul/2013:19:03:01 +0800] "GET /httpclient/search HTTP/1.1" 404 0
0:0:0:0:0:FFFF:7F00:1 - - [13/Jul/2013:19:03:03 +0800] "GET /httpclient/update HTTP/1.1" 404 0
0:0:0:0:0:FFFF:7F00:1 - - [13/Jul/2013:19:03:10 +0800] "GET /httpclient/ls HTTP/1.1" 404 0
0:0:0:0:0:FFFF:7F00:1 - - [13/Jul/2013:19:07:18 +0800] "GET /httpclient HTTP/1.1" 400 0
0:0:0:0:0:FFFF:7F00:1 - - [13/Jul/2013:19:07:22 +0800] "GET /httpclient/add HTTP/1.1" 404 0
0:0:0:0:0:FFFF:7F00:1 - - [13/Jul/2013:19:07:27 +0800] "GET /httpclient?fun=add_db_server&key=server1 HTTP/1.1" 400 0
0:0:0:0:0:FFFF:7F00:1 - - [13/Jul/2013:19:07:31 +0800] "GET /httpclient?fun=add_db_server&key=server2 HTTP/1.1" 400 0
0:0:0:0:0:FFFF:7F00:1 - - [13/Jul/2013:19:07:38 +0800] "GET /httpclient/rm HTTP/1.1" 404 0
0:0:0:0:0:FFFF:7F00:1 - - [13/Jul/2013:19:07:44 +0800] "GET /httpclient?fun=rm_db_server&key=server1 HTTP/1.1" 400 0
0:0:0:0:0:FFFF:7F00:1 - - [13/Jul/2013:19:08:23 +0800] "GET /httpclient?fun=rm_db_server&key=server1 HTTP/1.1" 400 0
0:0:0:0:0:FFFF:7F00:1 - - [13/Jul/2013:19:08:28 +0800] "GET /httpclient?fun=ls_db_server HTTP/1.1" 400 0
0:0:0:0:0:FFFF:7F00:1 - - [13/Jul/2013:19:08:34 +0800] "GET /httpclient/rm HTTP/1.1" 404 0
0:0:0:0:0:FFFF:7F00:1 - - [13/Jul/2013:19:08:42 +0800] "GET /httpclient?fun=rm_db_server&key=ser HTTP/1.1" 400 0
0:0:0:0:0:FFFF:7F00:1 - - [13/Jul/2013:19:08:46 +0800] "GET /httpclient?fun=ls_db_server HTTP/1.1" 400 0
0:0:0:0:0:FFFF:7F00:1 - - [13/Jul/2013:19:08:51 +0800] "GET /httpclient/insert HTTP/1.1" 404 0
0:0:0:0:0:FFFF:7F00:1 - - [13/Jul/2013:19:08:57 +0800] "GET /httpclient?fun=insert&key=a&value=42 HTTP/1.1" 400 0
0:0:0:0:0:FFFF:7F00:1 - - [13/Jul/2013:19:09:36 +0800] "GET /httpclient?fun=insert&key=a&value=42 HTTP/1.1" 400 0
0:0:0:0:0:FFFF:7F00:1 - - [13/Jul/2013:19:09:41 +0800] "GET /httpclient?fun=insert&key=a&value=42 HTTP/1.1" 400 0
0:0:0:0:0:FFFF:7F00:1 - - [13/Jul/2013:19:09:45 +0800] "GET /httpclient?fun=ls_db_server HTTP/1.1" 400 0
0:0:0:0:0:FFFF:7F00:1 - - [13/Jul/2013:19:09:48 +0800] "GET /httpclient/update HTTP/1.1" 404 0
0:0:0:0:0:FFFF:7F00:1 - - [13/Jul/2013:19:09:51 +0800] "GET /httpclient/delete HTTP/1.1" 404 0
0:0:0:0:0:FFFF:7F00:1 - - [13/Jul/2013:19:09:55 +0800] "GET /httpclient/delete HTTP/1.1" 404 0
0:0:0:0:0:FFFF:7F00:1 - - [13/Jul/2013:19:10:41 +0800] "GET /httpclient/delete HTTP/1.1" 404 0
0:0:0:0:0:FFFF:7F00:1 - - [13/Jul/2013:19:10:44 +0800] "GET /httpclient/search HTTP/1.1" 404 0
0:0:0:0:0:FFFF:7F00:1 - - [13/Jul/2013:19:10:47 +0800] "GET /httpclient/add HTTP/1.1" 404 0
